[debug] [2022-08-01T15:58:55.203Z] ----------------------------------------------------------------------
[debug] [2022-08-01T15:58:55.205Z] Command:       /usr/local/bin/node /usr/local/bin/firebase init
[debug] [2022-08-01T15:58:55.206Z] CLI Version:   11.4.0
[debug] [2022-08-01T15:58:55.206Z] Platform:      linux
[debug] [2022-08-01T15:58:55.206Z] Node Version:  v16.16.0
[debug] [2022-08-01T15:58:55.207Z] Time:          Mon Aug 01 2022 21:58:55 GMT+0600 (Bangladesh Standard Time)
[debug] [2022-08-01T15:58:55.207Z] ----------------------------------------------------------------------
[debug] 
[debug] [2022-08-01T15:58:55.213Z] > command requires scopes: ["email","openid","https://www.googleapis.com/auth/cloudplatformprojects.readonly","https://www.googleapis.com/auth/firebase","https://www.googleapis.com/auth/cloud-platform"]
[debug] [2022-08-01T15:58:55.213Z] > authorizing via signed-in user (mrjahid53@gmail.com)
[info] 
     ######## #### ########  ######## ########     ###     ######  ########
     ##        ##  ##     ## ##       ##     ##  ##   ##  ##       ##
     ######    ##  ########  ######   ########  #########  ######  ######
     ##        ##  ##    ##  ##       ##     ## ##     ##       ## ##
     ##       #### ##     ## ######## ########  ##     ##  ######  ########

You're about to initialize a Firebase project in this directory:

  /home/jahid/Documents/Projects/real-state

[info] 
=== Project Setup
[info] 
[info] First, let's associate this project directory with a Firebase project.
[info] You can create multiple project aliases by running firebase use --add, 
[info] but for now we'll just set up a default project.
[info] 
[debug] [2022-08-01T15:59:03.165Z] > refreshing access token with scopes: []
[debug] [2022-08-01T15:59:03.172Z] >>> [apiv2][query] POST https://www.googleapis.com/oauth2/v3/token [none]
[debug] [2022-08-01T15:59:03.173Z] >>> [apiv2][body] POST https://www.googleapis.com/oauth2/v3/token [omitted]
[debug] [2022-08-01T15:59:03.912Z] <<< [apiv2][status] POST https://www.googleapis.com/oauth2/v3/token 200
[debug] [2022-08-01T15:59:03.912Z] <<< [apiv2][body] POST https://www.googleapis.com/oauth2/v3/token [omitted]
[debug] [2022-08-01T15:59:03.920Z] >>> [apiv2][query] GET https://firebase.googleapis.com/v1beta1/projects pageSize=100
[debug] [2022-08-01T15:59:05.602Z] <<< [apiv2][status] GET https://firebase.googleapis.com/v1beta1/projects 200
[debug] [2022-08-01T15:59:05.603Z] <<< [apiv2][body] GET https://firebase.googleapis.com/v1beta1/projects [omitted]
[info] i  Using project real-estate-de155 (real-estate) 
[info] 
=== Hosting Setup
[info] 
[info] Your public directory is the folder (relative to your project directory) that
[info] will contain Hosting assets to be uploaded with firebase deploy. If you
[info] have a build process for your assets, use your build's output directory.
[info] 
[info] ✔  Wrote build/404.html 
[debug] [2022-08-01T15:59:59.465Z] >>> [apiv2][query] GET https://www.gstatic.com/firebasejs/releases.json [none]
